<?xml version="1.0" encoding="UTF-8"?>
<testng-results ignored="3" total="9" passed="6" failed="0" skipped="0">
  <reporter-output>
  </reporter-output>
  <suite started-at="2021-09-19T12:01:18 IST" name="Suite" finished-at="2021-09-19T12:01:18 IST" duration-ms="417">
    <groups>
    </groups>
    <test started-at="2021-09-19T12:01:18 IST" name="Test" finished-at="2021-09-19T12:01:18 IST" duration-ms="77">
      <class name="test.day4">
        <test-method signature="LoginApiHomeloan()[pri:0, instance:test.day4@503d687a]" started-at="2021-09-19T12:01:18 IST" name="LoginApiHomeloan" finished-at="2021-09-19T12:01:18 IST" duration-ms="1" status="PASS">
          <reporter-output>
          </reporter-output>
        </test-method> <!-- LoginApiHomeloan -->
      </class> <!-- test.day4 -->
      <class name="test.day2">
        <test-method signature="good()[pri:0, instance:test.day2@62e7f11d]" started-at="2021-09-19T12:01:18 IST" name="good" finished-at="2021-09-19T12:01:18 IST" duration-ms="1" status="PASS">
          <reporter-output>
          </reporter-output>
        </test-method> <!-- good -->
      </class> <!-- test.day2 -->
      <class name="test.day1">
        <test-method signature="bye()[pri:0, instance:test.day1@6c779568]" started-at="2021-09-19T12:01:18 IST" name="bye" finished-at="2021-09-19T12:01:18 IST" duration-ms="24" status="PASS">
          <reporter-output>
          </reporter-output>
        </test-method> <!-- bye -->
        <test-method signature="demo()[pri:0, instance:test.day1@6c779568]" started-at="2021-09-19T12:01:18 IST" name="demo" finished-at="2021-09-19T12:01:18 IST" duration-ms="1" status="PASS">
          <reporter-output>
          </reporter-output>
        </test-method> <!-- demo -->
      </class> <!-- test.day1 -->
    </test> <!-- Test -->
    <test started-at="2021-09-19T12:01:18 IST" name="Carloan" finished-at="2021-09-19T12:01:18 IST" duration-ms="16">
      <class name="test.day3">
        <test-method signature="LoginApiCarloan()[pri:0, instance:test.day3@2df9b86]" started-at="2021-09-19T12:01:18 IST" name="LoginApiCarloan" finished-at="2021-09-19T12:01:18 IST" duration-ms="4" status="PASS">
          <reporter-output>
          </reporter-output>
        </test-method> <!-- LoginApiCarloan -->
        <test-method signature="WebloginCarloan()[pri:0, instance:test.day3@2df9b86]" started-at="2021-09-19T12:01:18 IST" name="WebloginCarloan" finished-at="2021-09-19T12:01:18 IST" duration-ms="4" status="PASS">
          <reporter-output>
          </reporter-output>
        </test-method> <!-- WebloginCarloan -->
      </class> <!-- test.day3 -->
    </test> <!-- Carloan -->
  </suite> <!-- Suite -->
</testng-results>
