<?xml version="1.0" encoding="UTF-8"?>
<!-- Generated by org.testng.reporters.JUnitXMLReporter -->
<testsuite ignored="1" hostname="Anubhavs-MacBook-Air.local" failures="0" tests="2" name="Carloan" time="0.016" errors="0" timestamp="2021-09-19T12:01:18 IST">
  <testcase classname="test.day3" name="LoginApiCarloan" time="0.004"/>
  <testcase classname="test.day3" name="WebloginCarloan" time="0.004"/>
  <testcase classname="test.day3" name="MobileloginCarloan" time="0.0">
    <ignored/>
  </testcase> <!-- MobileloginCarloan -->
</testsuite> <!-- Carloan -->
