<?xml version="1.0" encoding="UTF-8"?>
<!-- Generated by org.testng.reporters.JUnitXMLReporter -->
<testsuite ignored="2" hostname="Anubhavs-MacBook-Air.local" failures="0" tests="4" name="Test" time="0.077" errors="0" timestamp="2021-09-19T12:01:18 IST">
  <testcase classname="test.day1" name="bye" time="0.024"/>
  <testcase classname="test.day1" name="demo" time="0.001"/>
  <testcase classname="test.day2" name="good" time="0.001"/>
  <testcase classname="test.day4" name="LoginApiHomeloan" time="0.001"/>
  <testcase classname="test.day4" name="MobileloginHomeloan" time="0.0">
    <ignored/>
  </testcase> <!-- MobileloginHomeloan -->
  <testcase classname="test.day4" name="WebloginHomeloan" time="0.0">
    <ignored/>
  </testcase> <!-- WebloginHomeloan -->
</testsuite> <!-- Test -->
